<?xml version="1.0" encoding="UTF-8"?>
<!-- Generated by org.testng.reporters.JUnitReportReporter -->
<testsuite skipped="0" hostname="Apples-MacBook-Pro-2.local" name="AndroidAppTest" tests="2" failures="0" timestamp="12 Sep 2019 17:13:55 GMT" time="8.822" errors="0">
  <testcase name="verifyInvalidPasswordMessage" time="6.058" classname="AndroidAppTest"/>
  <testcase name="verifyValidLogin" time="2.764" classname="AndroidAppTest"/>
</testsuite> <!-- AndroidAppTest -->
